[2026-03-03T12:37:14.134Z] PRD generated: .loopy/PRD.md
[2026-03-03T12:39:01.406Z] plan generation failed: invalid-plan-envelope: stdout must contain only a single BEGIN_LOOPY_PLAN...END_LOOPY_PLAN block (see .loopy/last_plan_output.txt)
[2026-03-03T12:39:01.415Z] Plan updated before loop: .loopy/LOOPY_PLAN.md
[2026-03-03T12:39:01.455Z] Plan updated with PRD refs defaults (auto-enforced).
[2026-03-03T12:39:01.516Z] Plan ready. Run `loopy` to start build mode.
[2026-03-03T12:45:46.391Z] Iteration 1 start
[2026-03-03T12:45:46.391Z] Rotation pending: no
[2026-03-03T12:47:04.537Z] test-report parsed: skipped
[2026-03-03T12:47:13.172Z] change_type inferred: docs (task: Plan scope, goals, and constraints documented.)
[2026-03-03T12:47:13.247Z] Iteration 1 success
[2026-03-03T12:47:13.247Z] Bytes read/written: 6925/8732
[2026-03-03T12:47:18.272Z] Iteration 2 start
[2026-03-03T12:47:18.272Z] Rotation pending: no
[2026-03-03T12:47:50.821Z] test-report parsed: skipped
[2026-03-03T12:48:12.610Z] change_type inferred: docs (task: Plan scope, goals, and constraints documented.)
[2026-03-03T12:48:12.679Z] Iteration 2 success
[2026-03-03T12:48:12.679Z] Bytes read/written: 12193/11420
[2026-03-03T12:48:17.690Z] Iteration 3 start
[2026-03-03T12:48:17.690Z] Rotation pending: no
[2026-03-03T12:48:55.141Z] test-report parsed: skipped
[2026-03-03T12:49:02.787Z] change_type inferred: docs (task: Plan scope, goals, and constraints documented.)
[2026-03-03T12:49:02.869Z] Iteration 3 success
[2026-03-03T12:49:02.869Z] Bytes read/written: 12445/11975
[2026-03-03T12:49:07.878Z] Iteration 4 start
[2026-03-03T12:49:07.878Z] Rotation pending: no
[2026-03-03T12:49:34.911Z] test-report parsed: skipped
[2026-03-03T12:50:40.823Z] change_type inferred: docs (task: Plan scope, goals, and constraints documented.)
[2026-03-03T12:50:40.905Z] Iteration 4 success
[2026-03-03T12:50:40.905Z] Bytes read/written: 12733/11899
[2026-03-03T12:50:45.914Z] Iteration 5 start
[2026-03-03T12:50:45.914Z] Rotation pending: no
[2026-03-03T12:52:59.911Z] test-report parsed: skipped
[2026-03-03T12:53:06.817Z] change_type inferred: docs (task: Plan scope, goals, and constraints documented.)
[2026-03-03T12:53:06.908Z] Iteration 5 success
[2026-03-03T12:53:06.908Z] Bytes read/written: 12787/14763
[2026-03-03T12:53:11.918Z] Iteration 6 start
[2026-03-03T12:53:11.918Z] Rotation pending: no
