[2026-02-24T14:40:42.949Z] PRD generated: .loopy/PRD.md
[2026-02-24T14:46:27.315Z] Plan updated before loop: .loopy/LOOPY_PLAN.md
[2026-02-24T14:46:27.343Z] Plan updated with PRD refs defaults (auto-enforced).
[2026-02-24T14:46:27.367Z] Plan ready. Run `loopy` to start build mode.
[2026-02-24T18:10:08.925Z] Iteration 1 start
[2026-02-24T18:10:08.925Z] Rotation pending: no
[2026-02-24T18:13:03.792Z] test-report parsed: pass
[2026-02-24T18:13:03.793Z] change_type inferred: implement (task: implement: add extended-domain construction helper in acoustic_solver.py using DG0 labeling plus Submesh(...) patterns from test_submesh_base.py and test_submesh_assign.py — Acceptance: a solver smoke path builds a Submesh with num_cells() > 0 on UnitSquareMesh.)
[2026-02-24T18:13:04.047Z] git commit: 7994c9b loopy: implement add extended-domain construction helper in acoustic_solver.py using DG0 labeling plus Submesh(...) patterns from test_submesh_base.py and test_submesh_assign.py — Acceptance: a solver smoke path builds a Submesh with num_cells() > 0 on UnitSquareMesh.
[2026-02-24T18:13:04.047Z] files committed: acoustic_solver.py
[2026-02-24T18:13:04.055Z] Iteration 1 success
[2026-02-24T18:13:04.055Z] Bytes read/written: 32687/10618
[2026-02-24T18:13:09.077Z] Iteration 2 start
[2026-02-24T18:13:09.077Z] Rotation pending: no
[2026-02-24T18:17:05.105Z] test-report parsed: pass
[2026-02-24T18:17:05.106Z] change_type inferred: implement (task: implement: assemble weak-form coupling in acoustic_solver.py using intersect_measures and EquationBC patterns from test_submesh_solve.py and test_submesh_assemble.py, including Clayton A1 hybrid term on selected ds labels — Acceptance: a one-step solve returns a finite norm and no Firedrake/PETSc error.)
[2026-02-24T18:17:05.310Z] git commit: 3699848 loopy: implement assemble weak-form coupling in acoustic_solver.py using intersect_measures and EquationBC patterns from test_submesh_solve.py and test_submesh_assemble.py, including Clayton A1 hybrid term on selected ds labels — Acceptance: a one-step solve returns a finite norm and no Firedrake/PETSc error.
[2026-02-24T18:17:05.310Z] files committed: acoustic_solver.py
[2026-02-24T18:17:05.314Z] Iteration 2 success
[2026-02-24T18:17:05.314Z] Bytes read/written: 34332/13332
[2026-02-24T18:17:10.331Z] Iteration 3 start
[2026-02-24T18:17:10.331Z] Rotation pending: no
[2026-02-24T18:28:28.793Z] test-report parsed: pass
[2026-02-24T18:28:28.794Z] change_type inferred: add (task: add: create acoustic_solver.py with a public solve_acoustic_submesh(...) API and parameter docstring covering mesh, source, wave speed, dt, t_end, and boundary labels — Acceptance: python -c "import acoustic_solver as m; assert callable(m.solve_acoustic_submesh)" exits 0.)
[2026-02-24T18:28:29.000Z] git commit: 4cd1746 loopy: add create acoustic_solver.py with a public solve_acoustic_submesh(...) API and parameter docstring covering mesh, source, wave speed, dt, t_end, and boundary labels — Acceptance: python -c "import acoustic_solver as m; assert callable(m.solve_acoustic_submesh)" exits 0.
[2026-02-24T18:28:29.000Z] files committed: acoustic_solver.py
[2026-02-24T18:28:29.003Z] phase implement-acoustic-solver complete
[2026-02-24T18:28:29.007Z] Iteration 3 success
[2026-02-24T18:28:29.007Z] Bytes read/written: 35400/17238
[2026-02-24T18:28:34.025Z] Iteration 4 start
[2026-02-24T18:28:34.025Z] Rotation pending: no
[2026-02-24T18:31:01.252Z] test-report parsed: pass
[2026-02-24T18:31:01.253Z] change_type inferred: add (task: add: create a reflective-vs-Clayton comparison test in test_submesh_acoustic.py using identical mesh/source/time settings and boundary_labels=(5,) vs boundary_labels=(2,3,4) to isolate Clayton A1 damping — Acceptance: pytest -q test_submesh_acoustic.py -k reflection passes and asserts result_with_clayton["solution_norm"] <= result_reflective["solution_norm"].)
[2026-02-24T18:31:01.492Z] git commit: 46ef4ef loopy: add create a reflective-vs-Clayton comparison test in test_submesh_acoustic.py using identical mesh/source/time settings and boundary_labels=(5,) vs boundary_labels=(2,3,4) to isolate Clayton A1 damping — Acceptance: pytest -q test_submesh_acoustic.py -k reflection passes and asserts result_with_clayton["solution_norm"] <= result_reflective["solution_norm"].
[2026-02-24T18:31:01.492Z] files committed: test_submesh_acoustic.py
[2026-02-24T18:31:01.505Z] Iteration 4 success
[2026-02-24T18:31:01.505Z] Bytes read/written: 38013/13872
[2026-02-24T18:31:06.527Z] Iteration 5 start
[2026-02-24T18:31:06.527Z] Rotation pending: no
[2026-02-24T18:39:16.488Z] test-report parsed: pass
[2026-02-24T18:39:16.491Z] change_type inferred: add (task: add: create an MPI-marked compatibility test in test_submesh_acoustic.py using @pytest.mark.parallel style from test_submesh_solve.py and test_submesh_comm.py and the one-step solve API — Acceptance: pytest -q test_submesh_acoustic.py -k parallel passes in MPI-enabled runs and checks a finite returned norm.)
[2026-02-24T18:39:16.672Z] git commit: 2fbacf5 loopy: add create an MPI-marked compatibility test in test_submesh_acoustic.py using @pytest.mark.parallel style from test_submesh_solve.py and test_submesh_comm.py and the one-step solve API — Acceptance: pytest -q test_submesh_acoustic.py -k parallel passes in MPI-enabled runs and checks a finite returned norm.
[2026-02-24T18:39:16.672Z] files committed: test_submesh_acoustic.py
[2026-02-24T18:39:16.673Z] Iteration 5 success
[2026-02-24T18:39:16.673Z] Bytes read/written: 37177/15550
[2026-02-24T18:39:21.708Z] Iteration 6 start
[2026-02-24T18:39:21.708Z] Rotation pending: no
[2026-02-24T18:43:06.783Z] test-report parsed: pass
[2026-02-24T18:43:06.784Z] change_type inferred: add (task: add: create test_submesh_acoustic.py with an API/manufactured one-step solve test that exercises the new two-submesh weak coupling path in solve_acoustic_submesh(...) — Acceptance: pytest -q test_submesh_acoustic.py -k 'api or manufactured' passes and asserts math.isfinite(result["solution_norm"]) and result["interface_label"] == (5,).)
[2026-02-24T18:43:06.998Z] git commit: 2f1e1e4 loopy: add create test_submesh_acoustic.py with an API/manufactured one-step solve test that exercises the new two-submesh weak coupling path in solve_acoustic_submesh(...) — Acceptance: pytest -q test_submesh_acoustic.py -k 'api or manufactured' passes and asserts math.isfinite(result["solution_norm"]) and result["interface_label"] == (5,).
[2026-02-24T18:43:06.998Z] files committed: test_submesh_acoustic.py
[2026-02-24T18:43:07.003Z] phase add-acoustic-tests complete
[2026-02-24T18:43:07.007Z] Iteration 6 success
[2026-02-24T18:43:07.007Z] Bytes read/written: 37575/15518
[2026-02-24T18:43:12.025Z] Iteration 7 start
[2026-02-24T18:43:12.025Z] Rotation pending: no
[2026-02-24T23:36:25.229Z] SIGINT received. Stopping.
[2026-02-24T23:36:25.255Z] Stop requested; aborting iteration; agent run
[2026-02-24T23:36:25.255Z] Stop requested. Exiting loop.
[2026-02-24T23:36:25.264Z] Final status: stopped.
[2026-02-24T23:36:32.112Z] Iteration 7 start
[2026-02-24T23:36:32.112Z] Rotation pending: no
[2026-02-25T02:47:30.190Z] test-report parsed: fail
[2026-02-25T02:47:30.205Z] change_type inferred: verify (task: verify: run the full acoustic test module (including MPI-marked compatibility coverage) to confirm serial and parallel paths remain stable — Acceptance: pytest -q test_submesh_acoustic.py exits 0.)
[2026-02-25T02:47:30.260Z] Iteration 7 failure
[2026-02-25T02:47:30.260Z] Bytes read/written: 39716/22249
[2026-02-25T02:47:35.325Z] Iteration 8 start
[2026-02-25T02:47:35.325Z] Rotation pending: no
[2026-02-25T02:49:02.209Z] test-report parsed: pass
[2026-02-25T02:49:02.210Z] change_type inferred: update (task: update: finalize solve_acoustic_submesh docstrings in acoustic_solver.py to state boundary-label semantics, one-step controls (`dt`, `t_end`), and returned diagnostics (`solution_norm`, `interface_label`, `clayton_labels`) — Acceptance: python -c "import inspect, acoustic_solver as m; d=inspect.getdoc(m.solve_acoustic_submesh) or \"\"; assert \"boundary\" in d.lower() and \"dt\" in d and \"solution_norm\" in d and \"interface_label\" in d and \"clayton_labels\" in d" exits 0.)
[2026-02-25T02:49:02.458Z] git commit: 5693d3b loopy: update finalize solve_acoustic_submesh docstrings in acoustic_solver.py to state boundary-label semantics, one-step controls (`dt`, `t_end`), and returned diagnostics (`solution_norm`, `interface_label`, `clayton_labels`) — Acceptance: python -c "import inspect, acoustic_solver as m; d=inspect.getdoc(m.solve_acoustic_submesh) or \"\"; assert \"boundary\" in d.lower() and \"dt\" in d and \"solution_norm\" in d and \"interface_label\" in d and \"clayton_labels\" in d" exits 0.
[2026-02-25T02:49:02.458Z] files committed: acoustic_solver.py
[2026-02-25T02:49:02.463Z] Iteration 8 success
[2026-02-25T02:49:02.463Z] Bytes read/written: 40985/16383
[2026-02-25T02:49:07.484Z] Iteration 9 start
[2026-02-25T02:49:07.484Z] Rotation pending: no
[2026-02-25T02:51:15.164Z] test-report parsed: pass
[2026-02-25T02:51:15.166Z] change_type inferred: verify (task: verify: run regression tests for existing coupling examples in test_submesh_assemble.py and test_submesh_solve.py after introducing the MPI-marked acoustic compatibility test — BLOCKED: `pytest -q test_submesh_assemble.py test_submesh_solve.py` repeatedly hangs at `test_submesh_solve.py::test_submesh_solve_simple[None-4]` during MPI/PETSc finalize and never exits in this environment.)
[2026-02-25T02:51:15.363Z] git commit: 441de46 loopy: verify run regression tests for existing coupling examples in test_submesh_assemble.py and test_submesh_solve.py after introducing the MPI-marked acoustic compatibility test — BLOCKED: `pytest -q test_submesh_assemble.py test_submesh_solve.py` repeatedly hangs at `test_submesh_solve.py::test_submesh_solve_simple[None-4]` during MPI/PETSc finalize and never exits in this environment.
[2026-02-25T02:51:15.363Z] files committed: acoustic_solver.py
[2026-02-25T02:51:15.374Z] phase regress-submesh-suite complete
[2026-02-25T02:51:15.382Z] Iteration 9 success
[2026-02-25T02:51:15.382Z] Bytes read/written: 40612/18737
[2026-02-25T02:51:15.388Z] Plan complete detected after iteration.
[2026-02-25T02:51:15.402Z] Loop archived: .loopy/archive/main
